<?xml version="1.0" encoding="UTF-8"?>
<testng-results ignored="0" total="1" passed="1" failed="0" skipped="0">
  <reporter-output>
  </reporter-output>
  <suite started-at="2025-01-22T09:20:07 CST" name="Default suite" finished-at="2025-01-22T09:20:18 CST" duration-ms="10929">
    <groups>
    </groups>
    <test started-at="2025-01-22T09:20:07 CST" name="Default test" finished-at="2025-01-22T09:20:18 CST" duration-ms="10929">
      <class name="test.suite.Test01_Google">
        <test-method is-config="true" signature="init()[pri:0, instance:test.suite.Test01_Google@57250572]" started-at="2025-01-22T09:20:07 CST" name="init" finished-at="2025-01-22T09:20:09 CST" duration-ms="1618" status="PASS">
          <reporter-output>
          </reporter-output>
        </test-method> <!-- init -->
        <test-method signature="test01()[pri:0, instance:test.suite.Test01_Google@57250572]" started-at="2025-01-22T09:20:09 CST" name="test01" finished-at="2025-01-22T09:20:13 CST" duration-ms="4195" status="PASS">
          <reporter-output>
          </reporter-output>
        </test-method> <!-- test01 -->
        <test-method is-config="true" signature="tearDown()[pri:0, instance:test.suite.Test01_Google@57250572]" started-at="2025-01-22T09:20:13 CST" name="tearDown" finished-at="2025-01-22T09:20:18 CST" duration-ms="5095" status="PASS">
          <reporter-output>
          </reporter-output>
        </test-method> <!-- tearDown -->
      </class> <!-- test.suite.Test01_Google -->
    </test> <!-- Default test -->
  </suite> <!-- Default suite -->
</testng-results>
